INFORMATION
mode: 					 nas
dataset: 				 CIFAR10
number of child network layers: 	 6
include stride: 			 False
include pooling: 			 True
skip connection: 			 False
training epochs: 			 30
data augmentation: 			 False
batch size: 				 128
architecture episodes: 			 1000
verbosity: 				 0
using multi gpus: 			 False
architecture space: 
filter_height: 				 (1, 3, 5, 7)
filter_width: 				 (1, 3, 5, 7)
num_filters: 				 (24, 36, 48, 64)
pool_size: 				 (1, 2)
==================================================Start exploring architecture space==================================================
----------------------------------
Sample Architecture ID: 1, Sampled actions: [1, 1, 1, 1, 1, 0, 2, 0, 3, 1, 0, 1, 2, 2, 2, 1, 0, 0, 0, 0, 1, 3, 0, 0]
