INFORMATION
mode: 					 joint
dataset: 				 CIFAR10
number of child network layers: 	 6
include stride: 			 False
include pooling: 			 True
skip connection: 			 True
required # LUTs: 			 300000
required throughput: 			 2000.0
Assumed frequency: 			 100000000.0
training epochs: 			 30
data augmentation: 			 False
batch size: 				 128
controller learning rate: 		 0.2
architecture episodes: 			 2000
using multi gpus: 			 False
architecture space: 
filter_height: 				 (1, 3, 5, 7)
filter_width: 				 (1, 3, 5, 7)
num_filters: 				 (24, 36, 48, 64)
pool_size: 				 (1, 2)
quantization space: 
act_num_int_bits: 			 (0, 1, 2, 3)
act_num_frac_bits: 			 (0, 1, 2, 3, 4, 5, 6)
weight_num_int_bits: 			 (0, 1, 2, 3)
weight_num_frac_bits: 			 (0, 1, 2, 3, 4, 5, 6)
==================================================Start exploring architecture & quantization space==================================================
----------------------------------------------------------------------------------------------------------------------------------
Sample Architecture ID: 1, Sampled actions: [[], 0, 1, 3, 0, 3, 3, 2, 5, [], 3, 0, 2, 0, 0, 2, 0, 1, [1], 3, 0, 0, 0, 0, 6, 1, 5, [0, 0], 0, 3, 2, 0, 3, 4, 2, 3, [1, 0, 1], 3, 1, 3, 1, 3, 6, 3, 4, [0, 0, 1, 1], 2, 1, 1, 0, 3, 6, 2, 2]
Reward: 0, Elasped time: 0.8445694446563721, Average time: 0.8445694446563721
Best Reward: 0, ID: 1, Rollout: [[], 0, 1, 3, 0, 3, 3, 2, 5, [], 3, 0, 2, 0, 0, 2, 0, 1, [1], 3, 0, 0, 0, 0, 6, 1, 5, [0, 0], 0, 3, 2, 0, 3, 4, 2, 3, [1, 0, 1], 3, 1, 3, 1, 3, 6, 3, 4, [0, 0, 1, 1], 2, 1, 1, 0, 3, 6, 2, 2]
----------------------------------------------------------------------------------------------------------------------------------
Sample Architecture ID: 2, Sampled actions: [[], 0, 1, 0, 1, 1, 3, 0, 3, [], 0, 0, 1, 1, 1, 1, 1, 0, [0], 0, 3, 2, 1, 3, 2, 0, 1, [1, 0], 3, 2, 1, 0, 1, 5, 0, 1, [1, 1, 0], 3, 1, 2, 0, 0, 4, 0, 6, [1, 0, 0, 1], 2, 0, 1, 0, 0, 0, 0, 1]
